<?xml version="1.0" encoding="UTF-8"?>
<!-- Generated by org.testng.reporters.JUnitXMLReporter -->
<testsuite ignored="0" hostname="BalaLaptop" failures="0" tests="4" name="Default test" time="13.724" errors="0" timestamp="2026-01-05T00:42:53 IST">
  <testcase classname="testNGTests.ShadowDomTests" name="testShadowDom" time="6.216"/>
  <testcase classname="testNGTests.ShadowDomTests" name="testShadowDomRootOnChromeDownloadPage" time="0.815"/>
  <testcase classname="testNGTests.ShadowDomTests" name="testShadowDomSeleniumPlayground" time="4.888"/>
  <testcase classname="testNGTests.ShadowDomTests" name="testShadowDomWatir" time="1.679"/>
</testsuite> <!-- Default test -->
