<?xml version="1.0" encoding="UTF-8"?>
<!-- Generated by org.testng.reporters.JUnitXMLReporter -->
<testsuite ignored="1" hostname="BalaLaptop" failures="1" tests="2" name="29DecTests" time="0.136" errors="0" timestamp="2025-12-29T15:37:50 IST">
  <testcase classname="testNGTests.firstTest" name="registrationmethod" time="0.018"/>
  <testcase classname="testNGTests.firstTest" name="loginmethod" time="0.019">
    <failure type="java.lang.AssertionError" message="expected [false] but found [true]">
      <![CDATA[java.lang.AssertionError: expected [false] but found [true]
at testNGTests.firstTest.loginmethod(firstTest.java:14)
at java.base/java.util.ArrayList.forEach(ArrayList.java:1596)
... Removed 32 stack frames]]>
    </failure>
  </testcase> <!-- loginmethod -->
  <testcase classname="testNGTests.secondTest" name="secondTestMethod1" time="0.0">
    <ignored/>
  </testcase> <!-- secondTestMethod1 -->
</testsuite> <!-- 29DecTests -->
