<?xml version="1.0" encoding="UTF-8"?>
<!-- Generated by org.testng.reporters.JUnitXMLReporter -->
<testsuite ignored="1" hostname="BalaLaptop" failures="1" tests="3" name="30DecTests" time="27.151" errors="0" timestamp="2025-12-30T14:00:13 IST">
  <testcase classname="testNGTests.firstTest" name="registrationmethod" time="0.037"/>
  <testcase classname="testNGTests.firstTest" name="loginmethod" time="0.004"/>
  <testcase classname="testNGTests.homepagetests" name="dollarRatecheck" time="0.793">
    <failure type="java.lang.AssertionError" message="expected [true] but found [false]">
      <![CDATA[java.lang.AssertionError: expected [true] but found [false]
at testNGTests.homepagetests.dollarRatecheck(homepagetests.java:94)
at java.base/java.util.ArrayList.forEach(ArrayList.java:1596)
... Removed 29 stack frames]]>
    </failure>
  </testcase> <!-- dollarRatecheck -->
  <testcase classname="testNGTests.homepagetests" name="logocheck" time="0.0">
    <ignored/>
  </testcase> <!-- logocheck -->
</testsuite> <!-- 30DecTests -->
