<?xml version="1.0" encoding="UTF-8"?>
<!-- Generated by org.testng.reporters.JUnitXMLReporter -->
<testsuite ignored="1" hostname="BalaLaptop" failures="2" tests="5" name="Test" time="88.927" errors="0" timestamp="2026-01-07T11:59:10 IST">
  <testcase classname="testNGTests.orangeHRMHomePageTests" name="isUsernamePositionSameTest" time="0.719"/>
  <testcase classname="testNGTests.orangeHRMHomePageTests" name="isUsernameVisibleTest" time="0.116"/>
  <testcase classname="testNGTests.orangeHRMHomePageTests" name="isLoginSuccessful" time="7.394"/>
  <testcase classname="testNGTests.orangeHRMHomePageTests" name="isLoginSuccessful" time="22.576">
    <failure type="java.lang.AssertionError" message="expected [true] but found [false]">
      <![CDATA[java.lang.AssertionError: expected [true] but found [false]
at testNGTests.orangeHRMHomePageTests.isLoginSuccessful(orangeHRMHomePageTests.java:96)
at java.base/java.util.ArrayList.forEach(ArrayList.java:1604)
... Removed 36 stack frames]]>
    </failure>
  </testcase> <!-- isLoginSuccessful -->
  <testcase classname="testNGTests.orangeHRMHomePageTests" name="isLoginSuccessful" time="23.479">
    <failure type="java.lang.AssertionError" message="expected [true] but found [false]">
      <![CDATA[java.lang.AssertionError: expected [true] but found [false]
at testNGTests.orangeHRMHomePageTests.isLoginSuccessful(orangeHRMHomePageTests.java:96)
at java.base/java.util.ArrayList.forEach(ArrayList.java:1604)
... Removed 36 stack frames]]>
    </failure>
  </testcase> <!-- isLoginSuccessful -->
  <testcase classname="testNGTests.orangeHRMHomePageTests" name="isPasswordMaskedTest" time="0.0">
    <ignored/>
  </testcase> <!-- isPasswordMaskedTest -->
</testsuite> <!-- Test -->
