<?xml version="1.0" encoding="UTF-8"?>
<testng-results ignored="0" total="5" passed="3" failed="2" skipped="0">
  <reporter-output>
  </reporter-output>
  <suite started-at="2026-01-07T11:57:41 IST" name="Suite" finished-at="2026-01-07T11:59:10 IST" duration-ms="88927">
    <groups>
    </groups>
    <test started-at="2026-01-07T11:57:41 IST" name="Test" finished-at="2026-01-07T11:59:10 IST" duration-ms="88927">
      <class name="testNGTests.orangeHRMHomePageTests">
        <test-method is-config="true" signature="init()[pri:0, instance:testNGTests.orangeHRMHomePageTests@4278a03f]" started-at="2026-01-07T11:57:41 IST" name="init" finished-at="2026-01-07T11:58:13 IST" duration-ms="32344" status="PASS">
          <reporter-output>
          </reporter-output>
        </test-method> <!-- init -->
        <test-method signature="isUsernamePositionSameTest()[pri:0, instance:testNGTests.orangeHRMHomePageTests@4278a03f]" started-at="2026-01-07T11:58:13 IST" name="isUsernamePositionSameTest" finished-at="2026-01-07T11:58:14 IST" duration-ms="719" status="PASS">
          <reporter-output>
          </reporter-output>
        </test-method> <!-- isUsernamePositionSameTest -->
        <test-method signature="isUsernameVisibleTest()[pri:0, instance:testNGTests.orangeHRMHomePageTests@4278a03f]" started-at="2026-01-07T11:58:14 IST" name="isUsernameVisibleTest" finished-at="2026-01-07T11:58:14 IST" duration-ms="116" status="PASS">
          <reporter-output>
          </reporter-output>
        </test-method> <!-- isUsernameVisibleTest -->
        <test-method signature="isLoginSuccessful(java.lang.String,java.lang.String)[pri:0, instance:testNGTests.orangeHRMHomePageTests@4278a03f]" started-at="2026-01-07T11:58:14 IST" name="isLoginSuccessful" data-provider="csvLoginData" finished-at="2026-01-07T11:58:21 IST" depends-on-methods="testNGTests.orangeHRMHomePageTests.isUsernameVisibleTest, testNGTests.orangeHRMHomePageTests.isUsernamePositionSameTest" duration-ms="7394" status="PASS">
          <params>
            <param index="0">
              <value>
                <![CDATA[Admin]]>
              </value>
            </param>
            <param index="1">
              <value>
                <![CDATA[admin123]]>
              </value>
            </param>
          </params>
          <reporter-output>
          </reporter-output>
        </test-method> <!-- isLoginSuccessful -->
        <test-method signature="isLoginSuccessful(java.lang.String,java.lang.String)[pri:0, instance:testNGTests.orangeHRMHomePageTests@4278a03f]" started-at="2026-01-07T11:58:21 IST" name="isLoginSuccessful" data-provider="csvLoginData" finished-at="2026-01-07T11:58:44 IST" depends-on-methods="testNGTests.orangeHRMHomePageTests.isUsernameVisibleTest, testNGTests.orangeHRMHomePageTests.isUsernamePositionSameTest" duration-ms="22576" status="FAIL">
          <params>
            <param index="0">
              <value>
                <![CDATA[seconduser]]>
              </value>
            </param>
            <param index="1">
              <value>
                <![CDATA[secondwrongpassword]]>
              </value>
            </param>
          </params>
          <exception class="java.lang.AssertionError">
            <message>
              <![CDATA[expected [true] but found [false]]]>
            </message>
            <full-stacktrace>
              <![CDATA[java.lang.AssertionError: expected [true] but found [false]
at org.testng.Assert.fail(Assert.java:111)
at org.testng.Assert.failNotEquals(Assert.java:1578)
at org.testng.Assert.assertEqualsImpl(Assert.java:150)
at org.testng.Assert.assertEquals(Assert.java:132)
at org.testng.Assert.assertEquals(Assert.java:1067)
at org.testng.Assert.assertEquals(Assert.java:1031)
at org.testng.Assert.assertEquals(Assert.java:1077)
at testNGTests.orangeHRMHomePageTests.isLoginSuccessful(orangeHRMHomePageTests.java:96)
at java.base/jdk.internal.reflect.DirectMethodHandleAccessor.invoke(DirectMethodHandleAccessor.java:104)
at java.base/java.lang.reflect.Method.invoke(Method.java:565)
at org.testng.internal.invokers.MethodInvocationHelper.invokeMethod(MethodInvocationHelper.java:139)
at org.testng.internal.invokers.TestInvoker.invokeMethod(TestInvoker.java:664)
at org.testng.internal.invokers.TestInvoker.invokeTestMethod(TestInvoker.java:228)
at org.testng.internal.invokers.MethodRunner.runInSequence(MethodRunner.java:63)
at org.testng.internal.invokers.TestInvoker$MethodInvocationAgent.invoke(TestInvoker.java:961)
at org.testng.internal.invokers.TestInvoker.invokeTestMethods(TestInvoker.java:201)
at org.testng.internal.invokers.TestMethodWorker.invokeTestMethods(TestMethodWorker.java:148)
at org.testng.internal.invokers.TestMethodWorker.run(TestMethodWorker.java:128)
at java.base/java.util.ArrayList.forEach(ArrayList.java:1604)
at org.testng.TestRunner.privateRun(TestRunner.java:819)
at org.testng.TestRunner.run(TestRunner.java:619)
at org.testng.SuiteRunner.runTest(SuiteRunner.java:443)
at org.testng.SuiteRunner.runSequentially(SuiteRunner.java:437)
at org.testng.SuiteRunner.privateRun(SuiteRunner.java:397)
at org.testng.SuiteRunner.run(SuiteRunner.java:336)
at org.testng.SuiteRunnerWorker.runSuite(SuiteRunnerWorker.java:52)
at org.testng.SuiteRunnerWorker.run(SuiteRunnerWorker.java:95)
at org.testng.TestNG.runSuitesSequentially(TestNG.java:1301)
at org.testng.TestNG.runSuitesLocally(TestNG.java:1228)
at org.testng.TestNG.runSuites(TestNG.java:1134)
at org.testng.TestNG.run(TestNG.java:1101)
at org.apache.maven.surefire.testng.TestNGExecutor.run(TestNGExecutor.java:308)
at org.apache.maven.surefire.testng.TestNGXmlTestSuite.execute(TestNGXmlTestSuite.java:71)
at org.apache.maven.surefire.testng.TestNGProvider.invoke(TestNGProvider.java:113)
at org.apache.maven.surefire.booter.ForkedBooter.runSuitesInProcess(ForkedBooter.java:385)
at org.apache.maven.surefire.booter.ForkedBooter.execute(ForkedBooter.java:162)
at org.apache.maven.surefire.booter.ForkedBooter.run(ForkedBooter.java:507)
at org.apache.maven.surefire.booter.ForkedBooter.main(ForkedBooter.java:495)
]]>
            </full-stacktrace>
          </exception> <!-- java.lang.AssertionError -->
          <reporter-output>
          </reporter-output>
        </test-method> <!-- isLoginSuccessful -->
        <test-method signature="isLoginSuccessful(java.lang.String,java.lang.String)[pri:0, instance:testNGTests.orangeHRMHomePageTests@4278a03f]" started-at="2026-01-07T11:58:45 IST" name="isLoginSuccessful" data-provider="csvLoginData" finished-at="2026-01-07T11:59:08 IST" depends-on-methods="testNGTests.orangeHRMHomePageTests.isUsernameVisibleTest, testNGTests.orangeHRMHomePageTests.isUsernamePositionSameTest" duration-ms="23479" status="FAIL">
          <params>
            <param index="0">
              <value>
                <![CDATA[user3]]>
              </value>
            </param>
            <param index="1">
              <value>
                <![CDATA[wronguser3]]>
              </value>
            </param>
          </params>
          <exception class="java.lang.AssertionError">
            <message>
              <![CDATA[expected [true] but found [false]]]>
            </message>
            <full-stacktrace>
              <![CDATA[java.lang.AssertionError: expected [true] but found [false]
at org.testng.Assert.fail(Assert.java:111)
at org.testng.Assert.failNotEquals(Assert.java:1578)
at org.testng.Assert.assertEqualsImpl(Assert.java:150)
at org.testng.Assert.assertEquals(Assert.java:132)
at org.testng.Assert.assertEquals(Assert.java:1067)
at org.testng.Assert.assertEquals(Assert.java:1031)
at org.testng.Assert.assertEquals(Assert.java:1077)
at testNGTests.orangeHRMHomePageTests.isLoginSuccessful(orangeHRMHomePageTests.java:96)
at java.base/jdk.internal.reflect.DirectMethodHandleAccessor.invoke(DirectMethodHandleAccessor.java:104)
at java.base/java.lang.reflect.Method.invoke(Method.java:565)
at org.testng.internal.invokers.MethodInvocationHelper.invokeMethod(MethodInvocationHelper.java:139)
at org.testng.internal.invokers.TestInvoker.invokeMethod(TestInvoker.java:664)
at org.testng.internal.invokers.TestInvoker.invokeTestMethod(TestInvoker.java:228)
at org.testng.internal.invokers.MethodRunner.runInSequence(MethodRunner.java:63)
at org.testng.internal.invokers.TestInvoker$MethodInvocationAgent.invoke(TestInvoker.java:961)
at org.testng.internal.invokers.TestInvoker.invokeTestMethods(TestInvoker.java:201)
at org.testng.internal.invokers.TestMethodWorker.invokeTestMethods(TestMethodWorker.java:148)
at org.testng.internal.invokers.TestMethodWorker.run(TestMethodWorker.java:128)
at java.base/java.util.ArrayList.forEach(ArrayList.java:1604)
at org.testng.TestRunner.privateRun(TestRunner.java:819)
at org.testng.TestRunner.run(TestRunner.java:619)
at org.testng.SuiteRunner.runTest(SuiteRunner.java:443)
at org.testng.SuiteRunner.runSequentially(SuiteRunner.java:437)
at org.testng.SuiteRunner.privateRun(SuiteRunner.java:397)
at org.testng.SuiteRunner.run(SuiteRunner.java:336)
at org.testng.SuiteRunnerWorker.runSuite(SuiteRunnerWorker.java:52)
at org.testng.SuiteRunnerWorker.run(SuiteRunnerWorker.java:95)
at org.testng.TestNG.runSuitesSequentially(TestNG.java:1301)
at org.testng.TestNG.runSuitesLocally(TestNG.java:1228)
at org.testng.TestNG.runSuites(TestNG.java:1134)
at org.testng.TestNG.run(TestNG.java:1101)
at org.apache.maven.surefire.testng.TestNGExecutor.run(TestNGExecutor.java:308)
at org.apache.maven.surefire.testng.TestNGXmlTestSuite.execute(TestNGXmlTestSuite.java:71)
at org.apache.maven.surefire.testng.TestNGProvider.invoke(TestNGProvider.java:113)
at org.apache.maven.surefire.booter.ForkedBooter.runSuitesInProcess(ForkedBooter.java:385)
at org.apache.maven.surefire.booter.ForkedBooter.execute(ForkedBooter.java:162)
at org.apache.maven.surefire.booter.ForkedBooter.run(ForkedBooter.java:507)
at org.apache.maven.surefire.booter.ForkedBooter.main(ForkedBooter.java:495)
]]>
            </full-stacktrace>
          </exception> <!-- java.lang.AssertionError -->
          <reporter-output>
          </reporter-output>
        </test-method> <!-- isLoginSuccessful -->
        <test-method is-config="true" signature="teardown()[pri:0, instance:testNGTests.orangeHRMHomePageTests@4278a03f]" started-at="2026-01-07T11:59:09 IST" name="teardown" finished-at="2026-01-07T11:59:10 IST" duration-ms="491" status="PASS">
          <reporter-output>
          </reporter-output>
        </test-method> <!-- teardown -->
      </class> <!-- testNGTests.orangeHRMHomePageTests -->
    </test> <!-- Test -->
  </suite> <!-- Suite -->
</testng-results>
