<?xml version="1.0" encoding="UTF-8"?>
<!-- Generated by org.testng.reporters.JUnitReportReporter -->
<testsuite hostname="BalaLaptop" failures="0" tests="4" name="testNGTests.ShadowDomTests" time="13.598" errors="0" timestamp="2026-01-05T00:42:53 IST" skipped="0">
  <testcase classname="testNGTests.ShadowDomTests" name="testShadowDom" time="6.216"/>
  <testcase classname="testNGTests.ShadowDomTests" name="testShadowDomRootOnChromeDownloadPage" time="0.815"/>
  <testcase classname="testNGTests.ShadowDomTests" name="testShadowDomWatir" time="1.679"/>
  <testcase classname="testNGTests.ShadowDomTests" name="testShadowDomSeleniumPlayground" time="4.888"/>
</testsuite> <!-- testNGTests.ShadowDomTests -->
