<?xml version="1.0" encoding="UTF-8"?>
<!-- Generated by org.testng.reporters.JUnitReportReporter -->
<testsuite hostname="BalaLaptop" failures="0" tests="4" name="SanityTests.readCSVAndLoginTestNGTest" time="46.768" errors="0" timestamp="2025-12-28T09:17:51 IST" skipped="0">
  <testcase classname="SanityTests.readCSVAndLoginTestNGTest" name="loginTestNGTest" time="12.332"/>
  <testcase classname="SanityTests.readCSVAndLoginTestNGTest" name="loginTestNGTest" time="10.793"/>
  <testcase classname="SanityTests.readCSVAndLoginTestNGTest" name="loginTestNGTest" time="21.538"/>
  <testcase classname="SanityTests.readCSVAndLoginTestNGTest" name="loginTestNGTest" time="2.105"/>
</testsuite> <!-- SanityTests.readCSVAndLoginTestNGTest -->
