<?xml version="1.0" encoding="UTF-8"?>
<!-- Generated by org.testng.reporters.JUnitReportReporter -->
<testsuite hostname="BalaLaptop" failures="0" tests="5" name="testNGTests.dpSimpleTest" time="0.037" errors="0" timestamp="2025-12-30T15:41:05 IST" skipped="0">
  <testcase classname="testNGTests.dpSimpleTest" name="dispEmp" time="0.019"/>
  <testcase classname="testNGTests.dpSimpleTest" name="dispEmp" time="0.003"/>
  <testcase classname="testNGTests.dpSimpleTest" name="dispEmp" time="0.003"/>
  <testcase classname="testNGTests.dpSimpleTest" name="dispEmp" time="0.008"/>
  <testcase classname="testNGTests.dpSimpleTest" name="dispEmp" time="0.004"/>
</testsuite> <!-- testNGTests.dpSimpleTest -->
