<?xml version="1.0" encoding="UTF-8"?>
<!-- Generated by org.testng.reporters.JUnitReportReporter -->
<testsuite hostname="BalaLaptop" failures="0" tests="4" name="testNGTests.orangeHRMHomePageTests" time="4.190" errors="0" timestamp="2025-12-31T16:50:47 IST" skipped="1">
  <testcase classname="testNGTests.orangeHRMHomePageTests" name="isUsernamePositionSame" time="1.791"/>
  <testcase classname="testNGTests.orangeHRMHomePageTests" name="isUsernameVisible" time="0.105"/>
  <testcase classname="testNGTests.orangeHRMHomePageTests" name="isLoginSuccessful" time="2.294"/>
  <testcase classname="testNGTests.orangeHRMHomePageTests" name="isPasswordMaskedTest">
    <skipped/>
  </testcase> <!-- isPasswordMaskedTest -->
</testsuite> <!-- testNGTests.orangeHRMHomePageTests -->
